17:44:29.385 [main] INFO  com.imooc.log.stack.Application 50 - Starting Application on ITCNSHG-XN0083 with PID 43507 (/Users/brzha12/brzha_imooc/imooc_log_stack/log-stack-04/target/classes started by brzha12 in /Users/brzha12/brzha_imooc/imooc_log_stack/log-stack-04)
17:44:29.393 [main] INFO  com.imooc.log.stack.Application 675 - No active profile set, falling back to default profiles: default
17:44:30.469 [main] INFO  o.s.b.w.e.tomcat.TomcatWebServer 90 - Tomcat initialized with port(s): 9527 (http)
17:44:30.482 [main] INFO  o.a.coyote.http11.Http11NioProtocol 173 - Initializing ProtocolHandler ["http-nio-9527"]
17:44:30.489 [main] INFO  o.a.catalina.core.StandardService 173 - Starting service [Tomcat]
17:44:30.490 [main] INFO  o.a.catalina.core.StandardEngine 173 - Starting Servlet engine: [Apache Tomcat/9.0.17]
17:44:30.571 [main] INFO  o.a.c.c.C.[.[localhost].[/api] 173 - Initializing Spring embedded WebApplicationContext
17:44:30.571 [main] INFO  o.s.web.context.ContextLoader 296 - Root WebApplicationContext: initialization completed in 1140 ms
17:44:31.109 [main] INFO  o.s.b.a.e.web.EndpointLinksResolver 59 - Exposing 15 endpoint(s) beneath base path '/actuator'
17:44:31.199 [main] INFO  o.a.coyote.http11.Http11NioProtocol 173 - Starting ProtocolHandler ["http-nio-9527"]
17:44:31.220 [main] INFO  o.s.b.w.e.tomcat.TomcatWebServer 204 - Tomcat started on port(s): 9527 (http) with context path '/api'
17:44:31.223 [main] INFO  com.imooc.log.stack.Application 59 - Started Application in 2.115 seconds (JVM running for 2.672)
17:44:31.285 [RMI TCP Connection(2)-192.168.1.2] INFO  o.a.c.c.C.[.[localhost].[/api] 173 - Initializing Spring DispatcherServlet 'dispatcherServlet'
17:44:31.285 [RMI TCP Connection(2)-192.168.1.2] INFO  o.s.web.servlet.DispatcherServlet 524 - Initializing Servlet 'dispatcherServlet'
17:44:31.291 [RMI TCP Connection(2)-192.168.1.2] INFO  o.s.web.servlet.DispatcherServlet 546 - Completed initialization in 5 ms
18:03:55.238 [main] INFO  com.imooc.log.stack.Application 50 - Starting Application on ITCNSHG-XN0083 with PID 47381 (/Users/brzha12/brzha_imooc/imooc_log_stack/log-stack-04/target/classes started by brzha12 in /Users/brzha12/brzha_imooc/imooc_log_stack/log-stack-04)
18:03:55.241 [main] INFO  com.imooc.log.stack.Application 675 - No active profile set, falling back to default profiles: default
18:03:56.676 [main] INFO  o.s.b.w.e.tomcat.TomcatWebServer 90 - Tomcat initialized with port(s): 9527 (http)
18:03:56.691 [main] INFO  o.a.coyote.http11.Http11NioProtocol 173 - Initializing ProtocolHandler ["http-nio-9527"]
18:03:56.698 [main] INFO  o.a.catalina.core.StandardService 173 - Starting service [Tomcat]
18:03:56.699 [main] INFO  o.a.catalina.core.StandardEngine 173 - Starting Servlet engine: [Apache Tomcat/9.0.17]
18:03:56.792 [main] INFO  o.a.c.c.C.[.[localhost].[/api] 173 - Initializing Spring embedded WebApplicationContext
18:03:56.793 [main] INFO  o.s.web.context.ContextLoader 296 - Root WebApplicationContext: initialization completed in 1517 ms
18:03:57.374 [main] INFO  o.s.b.a.e.web.EndpointLinksResolver 59 - Exposing 15 endpoint(s) beneath base path '/actuator'
18:03:57.477 [main] INFO  o.a.coyote.http11.Http11NioProtocol 173 - Starting ProtocolHandler ["http-nio-9527"]
18:03:57.503 [main] INFO  o.s.b.w.e.tomcat.TomcatWebServer 204 - Tomcat started on port(s): 9527 (http) with context path '/api'
18:03:57.506 [main] INFO  com.imooc.log.stack.Application 59 - Started Application in 2.619 seconds (JVM running for 3.321)
18:03:58.050 [RMI TCP Connection(1)-192.168.1.2] INFO  o.a.c.c.C.[.[localhost].[/api] 173 - Initializing Spring DispatcherServlet 'dispatcherServlet'
18:03:58.050 [RMI TCP Connection(1)-192.168.1.2] INFO  o.s.web.servlet.DispatcherServlet 524 - Initializing Servlet 'dispatcherServlet'
18:03:58.057 [RMI TCP Connection(1)-192.168.1.2] INFO  o.s.web.servlet.DispatcherServlet 546 - Completed initialization in 6 ms
18:05:55.487 [http-nio-9527-exec-1] INFO  c.i.l.s.controller.DisplayController 22 - coming in 9527 with args: [qinyi]
